<?xml version="1.0" encoding="UTF-8"?>
<!-- Generated by org.testng.reporters.JUnitXMLReporter -->
<testsuite hostname="LAPTOP-GCKKSIT6" ignored="11" name="Default test" tests="3" failures="0" timestamp="28 May 2021 07:31:10 GMT" time="3.588" errors="0">
  <testcase name="dataSourceExample" time="3.432" classname="IBM.LP_12.Testing_basics"/>
  <testcase name="dataSourceExample" time="0.084" classname="IBM.LP_12.Testing_basics"/>
  <testcase name="firstTestCase" time="0.001" classname="IBM.LP_12.Testing_basics"/>
  <testcase name="assertions" time="0.0" classname="IBM.LP_12.Testing_basics">
    <ignored/>
  </testcase> <!-- assertions -->
  <testcase name="jsonBody" time="0.0" classname="IBM.LP_12.Testing_basics">
    <ignored/>
  </testcase> <!-- jsonBody -->
  <testcase name="pojoExample" time="0.0" classname="IBM.LP_12.Testing_basics">
    <ignored/>
  </testcase> <!-- pojoExample -->
  <testcase name="fetchJsonBody" time="0.0" classname="IBM.LP_12.Testing_basics">
    <ignored/>
  </testcase> <!-- fetchJsonBody -->
  <testcase name="deleteMethod" time="0.0" classname="IBM.LP_12.Testing_basics">
    <ignored/>
  </testcase> <!-- deleteMethod -->
  <testcase name="patchMethod" time="0.0" classname="IBM.LP_12.Testing_basics">
    <ignored/>
  </testcase> <!-- patchMethod -->
  <testcase name="postMethod" time="0.0" classname="IBM.LP_12.Testing_basics">
    <ignored/>
  </testcase> <!-- postMethod -->
  <testcase name="postMethodResponse" time="0.0" classname="IBM.LP_12.Testing_basics">
    <ignored/>
  </testcase> <!-- postMethodResponse -->
  <testcase name="jsonNestedBody" time="0.0" classname="IBM.LP_12.Testing_basics">
    <ignored/>
  </testcase> <!-- jsonNestedBody -->
  <testcase name="queryParameterExample" time="0.0" classname="IBM.LP_12.Testing_basics">
    <ignored/>
  </testcase> <!-- queryParameterExample -->
  <testcase name="putMethod" time="0.0" classname="IBM.LP_12.Testing_basics">
    <ignored/>
  </testcase> <!-- putMethod -->
</testsuite> <!-- Default test -->
